2022-06-14 09:12:35,613 INFO:Crawling: https://www.google.ro/
2022-06-14 09:12:35,873 INFO:Crawling: https://www.google.ro/imghp?hl=ro&tab=wi
2022-06-14 09:12:36,120 INFO:Crawling: https://maps.google.ro/maps?hl=ro&tab=wl
2022-06-14 09:12:37,749 INFO:Crawling: https://play.google.com/?hl=ro&tab=w8
2022-06-14 09:12:38,561 INFO:Crawling: https://www.youtube.com/?gl=RO&tab=w1
2022-06-14 09:12:39,338 INFO:Crawling: https://news.google.com/?tab=wn
2022-06-14 09:12:40,151 INFO:Crawling: https://mail.google.com/mail/?tab=wm
2022-06-14 09:12:40,666 INFO:Crawling: https://drive.google.com/?tab=wo
2022-06-14 09:12:41,194 INFO:Crawling: https://www.google.ro/intl/ro/about/products?tab=wh
2022-06-14 09:12:41,791 INFO:Crawling: http://www.google.ro/history/optout?hl=ro
2022-06-14 09:12:42,405 INFO:Crawling: https://www.google.ro/preferences?hl=ro
2022-06-14 09:12:42,643 INFO:Crawling: https://accounts.google.com/ServiceLogin?hl=ro&passive=true&continue=https://www.google.ro/&ec=GAZAAQ
2022-06-14 09:12:42,911 INFO:Crawling: https://www.google.ro/advanced_search?hl=ro&authuser=0
2022-06-14 09:12:43,396 INFO:Crawling: https://www.google.ro/setprefs?sig=0_xptm56Z8FjtERlv9KJn9VwNqWYk%3D&hl=hu&source=homepage&sa=X&ved=0ahUKEwjh7KXUpKz4AhXpjIkEHfbrAlwQ2ZgBCAU
2022-06-14 09:12:43,770 INFO:Crawling: https://www.google.ro/setprefs?sig=0_xptm56Z8FjtERlv9KJn9VwNqWYk%3D&hl=de&source=homepage&sa=X&ved=0ahUKEwjh7KXUpKz4AhXpjIkEHfbrAlwQ2ZgBCAY
2022-06-14 09:12:44,138 INFO:Crawling: http://www.google.ro/intl/ro/services/
2022-06-14 09:12:44,417 INFO:Crawling: https://www.google.ro/intl/ro/about.html
2022-06-14 09:12:44,718 INFO:Crawling: https://www.google.ro/setprefdomain?prefdom=US&sig=K_cHitHI1AhoB7HOnbe-dirJbQ1qg%3D
2022-06-14 09:12:45,125 INFO:Crawling: https://www.google.ro/intl/ro/policies/privacy/
2022-06-14 09:12:45,228 INFO:Crawling: https://www.google.ro/intl/ro/policies/terms/
2022-06-14 09:12:45,342 INFO:Crawling: https://www.google.ro/webhp?tab=iw
2022-06-14 09:12:45,591 INFO:Crawling: https://maps.google.ro/maps?hl=ro&tab=il
2022-06-14 09:12:47,201 INFO:Crawling: https://play.google.com/?hl=ro&tab=i8
2022-06-14 09:12:47,968 INFO:Crawling: https://www.youtube.com/?gl=RO&tab=i1
2022-06-14 09:12:48,749 INFO:Crawling: https://news.google.com/?tab=in
2022-06-14 09:12:49,493 INFO:Crawling: https://mail.google.com/mail/?tab=im
2022-06-14 09:12:50,027 INFO:Crawling: https://drive.google.com/?tab=io
2022-06-14 09:12:50,540 INFO:Crawling: https://www.google.ro/intl/ro/about/products?tab=ih
2022-06-14 09:12:51,166 INFO:Crawling: https://accounts.google.com/ServiceLogin?hl=ro&passive=true&continue=https://www.google.ro/imghp%3Fhl%3Dro%26tab%3Dwi&ec=GAZAAg
2022-06-14 09:12:51,415 INFO:Crawling: https://www.google.ro/advanced_image_search?hl=ro&authuser=0
2022-06-14 09:12:51,865 INFO:Crawling: https://support.google.com/maps/?hl=ro&authuser=0&p=no_javascript
2022-06-14 09:12:52,353 INFO:Crawling: https://play.google.com/store/games
2022-06-14 09:12:52,996 INFO:Crawling: https://policies.google.com/privacy
2022-06-14 09:12:53,426 INFO:Crawling: https://myaccount.google.com/termsofservice
2022-06-14 09:12:54,003 INFO:Crawling: https://play.google.com/store/apps
2022-06-14 09:12:54,471 INFO:Crawling: https://play.google.com/store/movies
2022-06-14 09:12:54,957 INFO:Crawling: https://play.google.com/store/books
2022-06-14 09:12:55,558 INFO:Crawling: https://play.google.com/store/apps/category/FAMILY
2022-06-14 09:12:56,125 INFO:Crawling: https://play.google.com/store/games?device=phone
2022-06-14 09:12:56,901 INFO:Crawling: https://play.google.com/store/games?device=tablet
2022-06-14 09:12:57,436 INFO:Crawling: https://play.google.com/store/games?device=tv
2022-06-14 09:12:58,003 INFO:Crawling: https://play.google.com/store/games?device=chromebook
2022-06-14 09:12:58,530 INFO:Crawling: https://play.google.com/store/apps/details?id=com.kiloo.subwaysurf
2022-06-14 09:12:58,821 INFO:Crawling: https://play.google.com/store/apps/details?id=com.miniclip.eightballpool
2022-06-14 09:12:59,173 INFO:Crawling: https://play.google.com/store/apps/details?id=com.mojang.minecraftpe
2022-06-14 09:12:59,461 INFO:Crawling: https://play.google.com/store/apps/details?id=com.sega.sonic2.runner
2022-06-14 09:12:59,831 INFO:Crawling: https://play.google.com/store/apps/details?id=com.supercell.clashofclans
2022-06-14 09:13:00,116 INFO:Crawling: https://play.google.com/store/apps/details?id=com.king.candycrushsaga
2022-06-14 09:13:00,408 INFO:Crawling: https://play.google.com/store/apps/details?id=com.sega.sonicdash
2022-06-14 09:13:00,754 INFO:Crawling: https://play.google.com/store/apps/details?id=com.roblox.client
2022-06-14 09:13:01,025 INFO:Crawling: https://play.google.com/store/apps/details?id=com.king.candycrushjellysaga
2022-06-14 09:13:01,317 INFO:Crawling: https://play.google.com/store/apps/details?id=com.ea.game.nfs14_row
2022-06-14 09:13:01,651 INFO:Crawling: https://play.google.com/store/apps/details?id=com.fingersoft.hcr2
2022-06-14 09:13:01,951 INFO:Crawling: https://play.google.com/store/apps/details?id=com.sega.sprint
2022-06-14 09:13:02,308 INFO:Crawling: https://play.google.com/store/apps/details?id=com.sports.eightball.pool.rival
2022-06-14 09:13:02,592 INFO:Crawling: https://play.google.com/store/apps/details?id=com.kingsgroup.sos
2022-06-14 09:13:02,858 INFO:Crawling: https://play.google.com/store/apps/details?id=com.king.candycrush4
2022-06-14 09:13:03,194 INFO:Crawling: https://play.google.com/store/apps/details?id=com.naturalmotion.customstreetracer2
2022-06-14 09:13:03,463 INFO:Crawling: https://play.google.com/store/apps/details?id=com.king.candycrushsodasaga
2022-06-14 09:13:03,820 INFO:Crawling: https://play.google.com/store/apps/details?id=com.rovio.baba
2022-06-14 09:13:04,195 INFO:Crawling: https://play.google.com/store/apps/details?id=com.sega.sonic1px
2022-06-14 09:13:04,554 INFO:Crawling: https://play.google.com/store/apps/details?id=com.nintendo.zara
2022-06-14 09:13:04,849 INFO:Crawling: https://play.google.com/store/apps/details?id=com.blizzard.diablo.immortal
2022-06-14 09:13:05,166 INFO:Crawling: https://play.google.com/store/apps/details?id=com.robtopx.geometryjumplite
2022-06-14 09:13:05,491 INFO:Crawling: https://play.google.com/store/apps/details?id=beetles.puzzle.solitaire
2022-06-14 09:13:05,806 INFO:Crawling: https://play.google.com/store/apps/details?id=droidhang.twgame.restaurant
2022-06-14 09:13:06,190 INFO:Crawling: https://play.google.com/store/apps/details?id=com.sinyee.babybus.keeper
2022-06-14 09:13:06,456 INFO:Crawling: https://play.google.com/store/apps/details?id=com.nintendo.zaka
2022-06-14 09:13:06,789 INFO:Crawling: https://play.google.com/store/apps/details?id=com.os.airforce
2022-06-14 09:13:07,056 INFO:Crawling: https://play.google.com/store/apps/editorial_collection/promotion_topic_donations
2022-06-14 09:13:07,353 INFO:Crawling: https://play.google.com/store/apps/details?id=net.wooga.junes_journey_hidden_object_mystery_game
2022-06-14 09:13:07,682 INFO:Crawling: https://play.google.com/store/apps/details?id=zombie.survival.craft.z
2022-06-14 09:13:07,992 INFO:Crawling: https://play.google.com/store/apps/details?id=com.com2us.ninepb3d.normal.freefull.google.global.android.common
2022-06-14 09:13:08,302 INFO:Crawling: https://play.google.com/store/apps/details?id=com.innersloth.spacemafia
2022-06-14 09:13:08,571 INFO:Crawling: https://play.google.com/store/apps/details?id=com.netmarble.mherosgb
2022-06-14 09:13:08,931 INFO:Crawling: https://play.google.com/store/apps/details?id=com.halfbrick.fruitninjafree
2022-06-14 09:13:09,199 INFO:Crawling: https://play.google.com/store/apps/details?id=com.square_enix.android_googleplay.DFFOperaOmnian
2022-06-14 09:13:09,489 INFO:Crawling: https://play.google.com/store/apps/details?id=com.auxbrain.egginc
2022-06-14 09:13:09,818 INFO:Crawling: https://play.google.com/store/apps/details?id=com.nianticlabs.pokemongo
2022-06-14 09:13:10,106 INFO:Crawling: https://play.google.com/store/apps/details?id=com.nintendo.zaba
2022-06-14 09:13:10,423 INFO:Crawling: https://play.google.com/store/apps/details?id=com.ea.game.simcitymobile_row
2022-06-14 09:13:10,727 INFO:Crawling: https://play.google.com/store/apps/details?id=com.tinyco.potter
2022-06-14 09:13:11,067 INFO:Crawling: https://play.google.com/store/apps/details?id=com.gameloft.android.ANMP.GloftA9HM
2022-06-14 09:13:11,504 INFO:Crawling: https://play.google.com/store/apps/details?id=us.kr.baseballnine
2022-06-14 09:13:11,856 INFO:Crawling: https://play.google.com/store/apps/details?id=com.sgn.pandapop.gp
2022-06-14 09:13:12,137 INFO:Crawling: https://play.google.com/store/apps/details?id=air.com.sgn.cookiejam.gp
2022-06-14 09:13:12,404 INFO:Crawling: https://play.google.com/store/apps/details?id=com.SixWingStudios.LotusVillage
2022-06-14 09:13:12,698 INFO:Crawling: https://play.google.com/store/apps/details?id=com.tutotoons.app.smolsiesmycutepethouse.free
2022-06-14 09:13:13,050 INFO:Crawling: https://play.google.com/store/apps/details?id=com.ninjakiwi.bloonstd6
2022-06-14 09:13:13,385 INFO:Crawling: https://play.google.com/store/apps/details?id=com.king.farmheroessaga
2022-06-14 09:13:13,782 INFO:Crawling: https://play.google.com/store/apps/details?id=com.budgestudios.googleplay.HotWheelsUnlimited
2022-06-14 09:13:14,087 INFO:Crawling: https://play.google.com/store/apps/details?id=com.dts.freefireth
2022-06-14 09:13:14,450 INFO:Crawling: https://play.google.com/store/apps/details?id=net.peakgames.amy
2022-06-14 09:13:14,743 INFO:Crawling: https://play.google.com/store/apps/details?id=com.Zonmob.Stickman.FightingGames.ShadowOfDeath
2022-06-14 09:13:15,048 INFO:Crawling: https://play.google.com/store/apps/details?id=com.activision.callofduty.shooter
2022-06-14 09:13:15,375 INFO:Crawling: https://play.google.com/store/apps/details?id=com.FireproofStudios.TheRoom
2022-06-14 09:13:15,670 INFO:Crawling: https://play.google.com/store/apps/details?id=com.kabam.marvelbattle
2022-06-14 09:13:15,950 INFO:Crawling: https://play.google.com/store/apps/details?id=com.fizzd.connectedworlds
2022-06-14 09:13:16,249 INFO:Crawling: https://play.google.com/store/apps/details?id=com.bandainamcoent.dblegends_ww
2022-06-14 09:13:16,544 INFO:Crawling: https://play.google.com/store/apps/details?id=net.peakgames.toonblast
2022-06-14 09:13:16,823 INFO:Crawling: https://play.google.com/store/apps/details?id=com.scopely.yux
2022-06-14 09:13:17,135 INFO:Crawling: https://play.google.com/store/apps/details?id=com.diandian.gog
2022-06-14 09:13:17,477 INFO:Crawling: https://play.google.com/store/apps/details?id=com.bandainamcogames.dbzdokkanww
2022-06-14 09:13:17,773 INFO:Crawling: https://play.google.com/store/apps/details?id=com.igg.android.lordsmobile
2022-06-14 09:13:18,084 INFO:Crawling: https://play.google.com/store/apps/details?id=com.nekki.vector.paid
2022-06-14 09:13:18,409 INFO:Crawling: https://play.google.com/store/apps/details?id=mycity.friendshouse
2022-06-14 09:13:18,698 INFO:Crawling: https://play.google.com/store/apps/details?id=com.tripledot.woodoku
2022-06-14 09:13:19,049 INFO:Crawling: https://play.google.com/store/apps/details?id=com.ea.gp.apexlegendsmobilefps
2022-06-14 09:13:19,350 INFO:Crawling: https://play.google.com/store/apps/details?id=com.TeamTerrible.BabyInYellow
2022-06-14 09:13:19,642 INFO:Crawling: https://play.google.com/store/apps/details?id=com.trivia.star.android
2022-06-14 09:13:19,964 INFO:Crawling: https://play.google.com/store/apps/details?id=com.easygames.race
2022-06-14 09:13:20,241 INFO:Crawling: https://play.google.com/store/apps/details?id=com.ludia.jw2
2022-06-14 09:13:20,532 INFO:Crawling: https://play.google.com/about/play-pass
2022-06-14 09:13:20,726 INFO:Crawling: https://play.google.com/store/points/enroll
2022-06-14 09:13:21,099 INFO:Crawling: https://play.google.com/about/giftcards
2022-06-14 09:13:21,274 INFO:Crawling: https://play.google.com/redeem
2022-06-14 09:13:22,182 INFO:Crawling: https://support.google.com/googleplay/answer/134336
2022-06-14 09:13:22,625 INFO:Crawling: https://support.google.com/googleplay?p=pff_parentguide
2022-06-14 09:13:23,040 INFO:Crawling: https://support.google.com/googleplay/answer/7007852
2022-06-14 09:13:23,370 INFO:Crawling: https://play.google.com/intl/ro_us/about/play-terms.html
2022-06-14 09:13:23,576 INFO:Crawling: https://support.google.com/googleplay/?p=about_play
2022-06-14 09:13:23,999 INFO:Crawling: http://developer.android.com/index.html
2022-06-14 09:13:24,773 INFO:Crawling: https://store.google.com/?playredirect=true
2022-06-14 09:13:25,498 INFO:Crawling: https://www.youtube.com/
2022-06-14 09:13:26,123 INFO:Crawling: https://www.youtube.com/about/
2022-06-14 09:13:26,424 INFO:Crawling: https://www.youtube.com/about/press/
2022-06-14 09:13:26,980 INFO:Crawling: https://www.youtube.com/about/copyright/
2022-06-14 09:13:27,273 INFO:Crawling: https://www.youtube.com/t/contact_us/
2022-06-14 09:13:27,445 INFO:Crawling: https://www.youtube.com/creators/
2022-06-14 09:13:27,776 INFO:Crawling: https://www.youtube.com/ads/
2022-06-14 09:13:28,075 INFO:Crawling: https://developers.google.com/youtube
2022-06-14 09:13:29,027 INFO:Crawling: https://www.youtube.com/t/terms
2022-06-14 09:13:29,239 INFO:Crawling: https://www.youtube.com/t/privacy
2022-06-14 09:13:29,935 INFO:Crawling: https://www.youtube.com/about/policies/
2022-06-14 09:13:30,261 INFO:Crawling: https://www.youtube.com/howyoutubeworks?utm_campaign=ytgen&utm_source=ythp&utm_medium=LeftNav&utm_content=txt&u=https%3A%2F%2Fwww.youtube.com%2Fhowyoutubeworks%3Futm_source%3Dythp%26utm_medium%3DLeftNav%26utm_campaign%3Dytgen
2022-06-14 09:13:30,616 INFO:Crawling: https://www.youtube.com/new
